"C:/Users/seana/Game Repos/UnrealEngine/Toon-Tanks/ToonTanks/Content/Assets/Textures/T_ColourGrid.uasset" 0
"C:/Users/seana/Game Repos/UnrealEngine/Toon-Tanks/ToonTanks/Content/Assets/Textures/T_ColourGrid.uexp" 1
"C:/Users/seana/Game Repos/UnrealEngine/Toon-Tanks/ToonTanks/Content/Assets/Textures/T_ColourGrid.ubulk" 2
"C:/Users/seana/Game Repos/UnrealEngine/Toon-Tanks/ToonTanks/Content/Assets/Materials/M_TextureBase.uasset" 3
"C:/Users/seana/Game Repos/UnrealEngine/Toon-Tanks/ToonTanks/Content/Assets/Materials/M_TextureBase.uexp" 4
"C:/Users/seana/Game Repos/UnrealEngine/Toon-Tanks/ToonTanks/Content/Assets/Materials/M_Texture_Inst.uasset" 5
"C:/Users/seana/Game Repos/UnrealEngine/Toon-Tanks/ToonTanks/Content/Assets/Materials/M_Texture_Inst.uexp" 6
"C:/Users/seana/Game Repos/UnrealEngine/Toon-Tanks/ToonTanks/Content/Assets/Materials/M_EmissiveBase.uasset" 7
"C:/Users/seana/Game Repos/UnrealEngine/Toon-Tanks/ToonTanks/Content/Assets/Materials/M_EmissiveBase.uexp" 8
"C:/Users/seana/Game Repos/UnrealEngine/Toon-Tanks/ToonTanks/Content/Assets/Materials/M_EmissiveGreen_Inst.uasset" 9
"C:/Users/seana/Game Repos/UnrealEngine/Toon-Tanks/ToonTanks/Content/Assets/Materials/M_EmissiveGreen_Inst.uexp" 10
"C:/Users/seana/Game Repos/UnrealEngine/Toon-Tanks/ToonTanks/Content/Assets/Meshes/SM_TankTurret.uasset" 11
"C:/Users/seana/Game Repos/UnrealEngine/Toon-Tanks/ToonTanks/Content/Assets/Meshes/SM_TankTurret.uexp" 12
"C:/Users/seana/Game Repos/UnrealEngine/Toon-Tanks/ToonTanks/Content/Assets/Meshes/SM_TankBase.uasset" 13
"C:/Users/seana/Game Repos/UnrealEngine/Toon-Tanks/ToonTanks/Content/Assets/Meshes/SM_TankBase.uexp" 14
"C:/Users/seana/Game Repos/UnrealEngine/Toon-Tanks/ToonTanks/Content/ComponentsActor.uasset" 15
"C:/Users/seana/Game Repos/UnrealEngine/Toon-Tanks/ToonTanks/Content/ComponentsActor.uexp" 16
"C:/Users/seana/Game Repos/UnrealEngine/Toon-Tanks/ToonTanks/Content/Blueprints/Widgets/WBP_StartGameWidget.uasset" 17
"C:/Users/seana/Game Repos/UnrealEngine/Toon-Tanks/ToonTanks/Content/Blueprints/Widgets/WBP_StartGameWidget.uexp" 18
"C:/Users/seana/Game Repos/UnrealEngine/Toon-Tanks/ToonTanks/Content/Blueprints/Widgets/WBP_EndGameWidget.uasset" 19
"C:/Users/seana/Game Repos/UnrealEngine/Toon-Tanks/ToonTanks/Content/Blueprints/Widgets/WBP_EndGameWidget.uexp" 20
"C:/Users/seana/Game Repos/UnrealEngine/Toon-Tanks/ToonTanks/Content/Blueprints/PlayerController/BP_ToonTanksPlayerController.uasset" 21
"C:/Users/seana/Game Repos/UnrealEngine/Toon-Tanks/ToonTanks/Content/Blueprints/PlayerController/BP_ToonTanksPlayerController.uexp" 22
"C:/Users/seana/Game Repos/UnrealEngine/Toon-Tanks/ToonTanks/Content/Blueprints/CameraShake/BP_DeathCameraShake.uasset" 23
"C:/Users/seana/Game Repos/UnrealEngine/Toon-Tanks/ToonTanks/Content/Blueprints/CameraShake/BP_DeathCameraShake.uexp" 24
"C:/Users/seana/Game Repos/UnrealEngine/Toon-Tanks/ToonTanks/Content/Blueprints/CameraShake/BP_HitCameraShake.uasset" 25
"C:/Users/seana/Game Repos/UnrealEngine/Toon-Tanks/ToonTanks/Content/Blueprints/CameraShake/BP_HitCameraShake.uexp" 26
"C:/Users/seana/Game Repos/UnrealEngine/Toon-Tanks/ToonTanks/Content/Assets/Materials/M_EmissiveRed_Inst.uasset" 27
"C:/Users/seana/Game Repos/UnrealEngine/Toon-Tanks/ToonTanks/Content/Assets/Materials/M_EmissiveRed_Inst.uexp" 28
"C:/Users/seana/Game Repos/UnrealEngine/Toon-Tanks/ToonTanks/Content/Assets/Meshes/SM_Projectile.uasset" 29
"C:/Users/seana/Game Repos/UnrealEngine/Toon-Tanks/ToonTanks/Content/Assets/Meshes/SM_Projectile.uexp" 30
"C:/Users/seana/Game Repos/UnrealEngine/Toon-Tanks/ToonTanks/Content/Assets/Materials/M_ParticleBase.uasset" 31
"C:/Users/seana/Game Repos/UnrealEngine/Toon-Tanks/ToonTanks/Content/Assets/Materials/M_ParticleBase.uexp" 32
"C:/Users/seana/Game Repos/UnrealEngine/Toon-Tanks/ToonTanks/Content/Assets/Materials/M_Particle_Inst.uasset" 33
"C:/Users/seana/Game Repos/UnrealEngine/Toon-Tanks/ToonTanks/Content/Assets/Materials/M_Particle_Inst.uexp" 34
"C:/Users/seana/Game Repos/UnrealEngine/Toon-Tanks/ToonTanks/Content/Assets/Meshes/SM_Sphere.uasset" 35
"C:/Users/seana/Game Repos/UnrealEngine/Toon-Tanks/ToonTanks/Content/Assets/Meshes/SM_Sphere.uexp" 36
"C:/Users/seana/Game Repos/UnrealEngine/Toon-Tanks/ToonTanks/Content/Assets/Effects/P_ProjectileTrail.uasset" 37
"C:/Users/seana/Game Repos/UnrealEngine/Toon-Tanks/ToonTanks/Content/Assets/Effects/P_ProjectileTrail.uexp" 38
"C:/Users/seana/Game Repos/UnrealEngine/Toon-Tanks/ToonTanks/Content/Assets/Effects/P_HitEffect.uasset" 39
"C:/Users/seana/Game Repos/UnrealEngine/Toon-Tanks/ToonTanks/Content/Assets/Effects/P_HitEffect.uexp" 40
"C:/Users/seana/Game Repos/UnrealEngine/Toon-Tanks/ToonTanks/Content/Assets/Audio/Thud_Audio.uasset" 41
"C:/Users/seana/Game Repos/UnrealEngine/Toon-Tanks/ToonTanks/Content/Assets/Audio/Thud_Audio.uexp" 42
"C:/Users/seana/Game Repos/UnrealEngine/Toon-Tanks/ToonTanks/Content/Blueprints/Actors/BP_Projectile.uasset" 43
"C:/Users/seana/Game Repos/UnrealEngine/Toon-Tanks/ToonTanks/Content/Blueprints/Actors/BP_Projectile.uexp" 44
"C:/Users/seana/Game Repos/UnrealEngine/Toon-Tanks/ToonTanks/Content/Assets/Effects/P_DeathEffect.uasset" 45
"C:/Users/seana/Game Repos/UnrealEngine/Toon-Tanks/ToonTanks/Content/Assets/Effects/P_DeathEffect.uexp" 46
"C:/Users/seana/Game Repos/UnrealEngine/Toon-Tanks/ToonTanks/Content/Assets/Audio/Explode_Audio.uasset" 47
"C:/Users/seana/Game Repos/UnrealEngine/Toon-Tanks/ToonTanks/Content/Assets/Audio/Explode_Audio.uexp" 48
"C:/Users/seana/Game Repos/UnrealEngine/Toon-Tanks/ToonTanks/Content/Blueprints/Pawns/BP_PawnTank.uasset" 49
"C:/Users/seana/Game Repos/UnrealEngine/Toon-Tanks/ToonTanks/Content/Blueprints/Pawns/BP_PawnTank.uexp" 50
"C:/Users/seana/Game Repos/UnrealEngine/Toon-Tanks/ToonTanks/Content/Blueprints/GameMode/BP_ToonTanksGameMode.uasset" 51
"C:/Users/seana/Game Repos/UnrealEngine/Toon-Tanks/ToonTanks/Content/Blueprints/GameMode/BP_ToonTanksGameMode.uexp" 52
"../../../Engine/Content/EngineMaterials/T_Default_Material_Grid_N.uasset" 53
"../../../Engine/Content/EngineMaterials/T_Default_Material_Grid_N.uexp" 54
"../../../Engine/Content/EngineMaterials/T_Default_Material_Grid_N.ubulk" 55
"../../../Engine/Content/EngineMaterials/T_Default_Material_Grid_M.uasset" 56
"../../../Engine/Content/EngineMaterials/T_Default_Material_Grid_M.uexp" 57
"../../../Engine/Content/EngineMaterials/T_Default_Material_Grid_M.ubulk" 58
"../../../Engine/Content/Functions/Engine_MaterialFunctions01/Opacity/CameraDepthFade.uasset" 59
"../../../Engine/Content/Functions/Engine_MaterialFunctions01/Opacity/CameraDepthFade.uexp" 60
"../../../Engine/Content/EngineMaterials/WorldGridMaterial.uasset" 61
"../../../Engine/Content/EngineMaterials/WorldGridMaterial.uexp" 62
"../../../Engine/Content/ArtTools/RenderToTexture/Meshes/S_1_Unit_Plane.uasset" 63
"../../../Engine/Content/ArtTools/RenderToTexture/Meshes/S_1_Unit_Plane.uexp" 64
"../../../Engine/Content/EngineMaterials/DefaultMaterial.uasset" 65
"../../../Engine/Content/EngineMaterials/DefaultMaterial.uexp" 66
"../../../Engine/Content/BasicShapes/Cone.uasset" 67
"../../../Engine/Content/BasicShapes/Cone.uexp" 68
"../../../Engine/Content/BasicShapes/Plane.uasset" 69
"../../../Engine/Content/BasicShapes/Plane.uexp" 70
"../../../Engine/Content/BasicShapes/Sphere.uasset" 71
"../../../Engine/Content/BasicShapes/Sphere.uexp" 72
"../../../Engine/Content/EditorLandscapeResources/DataLayer.uasset" 73
"../../../Engine/Content/EditorLandscapeResources/DataLayer.uexp" 74
"../../../Engine/Content/EditorLandscapeResources/DefaultAlphaTexture.uasset" 75
"../../../Engine/Content/EditorLandscapeResources/DefaultAlphaTexture.uexp" 76
"../../../Engine/Content/EditorMaterials/MAT_Groups_Toggle.uasset" 77
"../../../Engine/Content/EditorMaterials/MAT_Groups_Toggle.uexp" 78
"../../../Engine/Content/EditorMaterials/MAT_Groups_Visibility.uasset" 79
"../../../Engine/Content/EditorMaterials/MAT_Groups_Visibility.uexp" 80
"../../../Engine/Content/EditorMaterials/PreviewShadowIndicator.uasset" 81
"../../../Engine/Content/EditorMaterials/PreviewShadowIndicator.uexp" 82
"../../../Engine/Content/EditorMaterials/PreviewShadowIndicator.ubulk" 83
"../../../Engine/Content/EditorMaterials/PreviewShadowIndicatorMaterial.uasset" 84
"../../../Engine/Content/EditorMaterials/PreviewShadowIndicatorMaterial.uexp" 85
"../../../Engine/Content/EditorMaterials/MatineeGroups/MAT_ColorTrack.uasset" 86
"../../../Engine/Content/EditorMaterials/MatineeGroups/MAT_ColorTrack.uexp" 87
"../../../Engine/Content/EditorMaterials/MatineeGroups/MAT_Groups_Anim.uasset" 88
"../../../Engine/Content/EditorMaterials/MatineeGroups/MAT_Groups_Anim.uexp" 89
"../../../Engine/Content/EditorMaterials/MatineeGroups/MAT_Groups_AudioMaster.uasset" 90
"../../../Engine/Content/EditorMaterials/MatineeGroups/MAT_Groups_AudioMaster.uexp" 91
"../../../Engine/Content/EditorMaterials/MatineeGroups/MAT_Groups_Director.uasset" 92
"../../../Engine/Content/EditorMaterials/MatineeGroups/MAT_Groups_Director.uexp" 93
"../../../Engine/Content/EditorMaterials/MatineeGroups/MAT_Groups_Event.uasset" 94
"../../../Engine/Content/EditorMaterials/MatineeGroups/MAT_Groups_Event.uexp" 95
"../../../Engine/Content/EditorMaterials/MatineeGroups/MAT_Groups_Fade.uasset" 96
"../../../Engine/Content/EditorMaterials/MatineeGroups/MAT_Groups_Fade.uexp" 97
"../../../Engine/Content/EditorMaterials/MatineeGroups/MAT_Groups_Float.uasset" 98
"../../../Engine/Content/EditorMaterials/MatineeGroups/MAT_Groups_Float.uexp" 99
"../../../Engine/Content/EditorMaterials/MatineeGroups/MAT_Groups_Move.uasset" 100
"../../../Engine/Content/EditorMaterials/MatineeGroups/MAT_Groups_Move.uexp" 101
"../../../Engine/Content/EditorMaterials/MatineeGroups/MAT_Groups_Slomo.uasset" 102
"../../../Engine/Content/EditorMaterials/MatineeGroups/MAT_Groups_Slomo.uexp" 103
"../../../Engine/Content/EditorMaterials/MatineeGroups/MAT_Groups_Sound.uasset" 104
"../../../Engine/Content/EditorMaterials/MatineeGroups/MAT_Groups_Sound.uexp" 105
"../../../Engine/Content/EditorMaterials/MatineeGroups/MAT_Groups_Vector.uasset" 106
"../../../Engine/Content/EditorMaterials/MatineeGroups/MAT_Groups_Vector.uexp" 107
"../../../Engine/Content/EditorMaterials/ParticleSystems/PSysThumbnail_NoImage.uasset" 108
"../../../Engine/Content/EditorMaterials/ParticleSystems/PSysThumbnail_NoImage.uexp" 109
"../../../Engine/Content/EditorMaterials/ParticleSystems/PSysThumbnail_NoImage.ubulk" 110
"../../../Engine/Content/EditorMaterials/ParticleSystems/PSysThumbnail_OOD.uasset" 111
"../../../Engine/Content/EditorMaterials/ParticleSystems/PSysThumbnail_OOD.uexp" 112
"../../../Engine/Content/EditorMaterials/ParticleSystems/PSysThumbnail_OOD.ubulk" 113
"../../../Engine/Content/EditorMaterials/Camera/CineMat.uasset" 114
"../../../Engine/Content/EditorMaterials/Camera/CineMat.uexp" 115
"../../../Engine/Content/EditorMaterials/Camera/MI_CineMat_Rig.uasset" 116
"../../../Engine/Content/EditorMaterials/Camera/MI_CineMat_Rig.uexp" 117
"../../../Engine/Content/EditorMeshes/Camera/SM_CraneRig_Arm.uasset" 118
"../../../Engine/Content/EditorMeshes/Camera/SM_CraneRig_Arm.uexp" 119
"../../../Engine/Content/EditorMeshes/Camera/SM_CraneRig_Base.uasset" 120
"../../../Engine/Content/EditorMeshes/Camera/SM_CraneRig_Base.uexp" 121
"../../../Engine/Content/EditorMeshes/Camera/SM_CraneRig_Body.uasset" 122
"../../../Engine/Content/EditorMeshes/Camera/SM_CraneRig_Body.uexp" 123
"../../../Engine/Content/EditorMeshes/Camera/SM_CraneRig_Mount.uasset" 124
"../../../Engine/Content/EditorMeshes/Camera/SM_CraneRig_Mount.uexp" 125
"../../../Engine/Content/EditorMeshes/Camera/SM_RailRig_Mount.uasset" 126
"../../../Engine/Content/EditorMeshes/Camera/SM_RailRig_Mount.uexp" 127
"../../../Engine/Content/EditorMeshes/Camera/SM_RailRig_Track.uasset" 128
"../../../Engine/Content/EditorMeshes/Camera/SM_RailRig_Track.uexp" 129
"../../../Engine/Content/EditorResources/BSPVertex.uasset" 130
"../../../Engine/Content/EditorResources/BSPVertex.uexp" 131
"../../../Engine/Content/EditorResources/EmptyActor.uasset" 132
"../../../Engine/Content/EditorResources/EmptyActor.uexp" 133
"../../../Engine/Content/EditorResources/S_Actor.uasset" 134
"../../../Engine/Content/EditorResources/S_Actor.uexp" 135
"../../../Engine/Content/EditorResources/S_Actor.ubulk" 136
"../../../Engine/Content/EditorResources/S_Note.uasset" 137
"../../../Engine/Content/EditorResources/S_Note.uexp" 138
"../../../Engine/Content/EditorResources/S_Note.ubulk" 139
"../../../Engine/Content/EditorResources/S_Solver.uasset" 140
"../../../Engine/Content/EditorResources/S_Solver.uexp" 141
"../../../Engine/Content/EditorResources/S_Solver.ubulk" 142
"../../../Engine/Content/EditorResources/S_Terrain.uasset" 143
"../../../Engine/Content/EditorResources/S_Terrain.uexp" 144
"../../../Engine/Content/EditorResources/S_Terrain.ubulk" 145
"../../../Engine/Content/EditorResources/S_Trigger.uasset" 146
"../../../Engine/Content/EditorResources/S_Trigger.uexp" 147
"../../../Engine/Content/EditorResources/S_Trigger.ubulk" 148
"../../../Engine/Content/EditorResources/LightIcons/S_LightError.uasset" 149
"../../../Engine/Content/EditorResources/LightIcons/S_LightError.uexp" 150
"../../../Engine/Content/EditorResources/SequenceRecorder/Countdown.uasset" 151
"../../../Engine/Content/EditorResources/SequenceRecorder/Countdown.uexp" 152
"../../../Engine/Content/EditorResources/SequenceRecorder/RecordingIndicator.uasset" 153
"../../../Engine/Content/EditorResources/SequenceRecorder/RecordingIndicator.uexp" 154
"../../../Engine/Content/EngineDamageTypes/DmgTypeBP_Environmental.uasset" 155
"../../../Engine/Content/EngineDamageTypes/DmgTypeBP_Environmental.uexp" 156
"../../../Engine/Content/EngineDebugMaterials/DebugEditorMaterial.uasset" 157
"../../../Engine/Content/EngineDebugMaterials/DebugEditorMaterial.uexp" 158
"../../../Engine/Content/EngineDebugMaterials/DebugMeshMaterial.uasset" 159
"../../../Engine/Content/EngineDebugMaterials/DebugMeshMaterial.uexp" 160
"../../../Engine/Content/EngineDebugMaterials/M_SimpleUnlitTranslucent.uasset" 161
"../../../Engine/Content/EngineDebugMaterials/M_SimpleUnlitTranslucent.uexp" 162
"../../../Engine/Content/EngineDebugMaterials/VolumeToRender.uasset" 163
"../../../Engine/Content/EngineDebugMaterials/VolumeToRender.uexp" 164
"../../../Engine/Content/Functions/Engine_MaterialFunctions02/Utility/CameraDirectionVector.uasset" 165
"../../../Engine/Content/Functions/Engine_MaterialFunctions02/Utility/CameraDirectionVector.uexp" 166
"../../../Engine/Content/EngineDebugMaterials/M_VolumeRenderSphereTracePP.uasset" 167
"../../../Engine/Content/EngineDebugMaterials/M_VolumeRenderSphereTracePP.uexp" 168
"../../../Engine/Content/Functions/Engine_MaterialFunctions01/Shading/ConvertFromDiffSpec.uasset" 169
"../../../Engine/Content/Functions/Engine_MaterialFunctions01/Shading/ConvertFromDiffSpec.uexp" 170
"../../../Engine/Content/EngineDebugMaterials/VertexColorMaterial.uasset" 171
"../../../Engine/Content/EngineDebugMaterials/VertexColorMaterial.uexp" 172
"../../../Engine/Content/EngineDebugMaterials/WireframeMaterial.uasset" 173
"../../../Engine/Content/EngineDebugMaterials/WireframeMaterial.uexp" 174
"../../../Engine/Content/EngineFonts/Faces/RobotoRegular.uasset" 175
"../../../Engine/Content/EngineFonts/Faces/RobotoRegular.uexp" 176
"../../../Engine/Content/EngineFonts/Faces/RobotoRegular.ufont" 177
"../../../Engine/Content/EngineFonts/Faces/RobotoLight.uasset" 178
"../../../Engine/Content/EngineFonts/Faces/RobotoLight.uexp" 179
"../../../Engine/Content/EngineFonts/Faces/RobotoLight.ufont" 180
"../../../Engine/Content/EngineFonts/Faces/RobotoItalic.uasset" 181
"../../../Engine/Content/EngineFonts/Faces/RobotoItalic.uexp" 182
"../../../Engine/Content/EngineFonts/Faces/RobotoItalic.ufont" 183
"../../../Engine/Content/EngineFonts/Faces/RobotoBoldItalic.uasset" 184
"../../../Engine/Content/EngineFonts/Faces/RobotoBoldItalic.uexp" 185
"../../../Engine/Content/EngineFonts/Faces/RobotoBoldItalic.ufont" 186
"../../../Engine/Content/EngineFonts/Faces/RobotoBold.uasset" 187
"../../../Engine/Content/EngineFonts/Faces/RobotoBold.uexp" 188
"../../../Engine/Content/EngineFonts/Faces/RobotoBold.ufont" 189
"../../../Engine/Content/EngineFonts/Faces/DroidSansFallback.uasset" 190
"../../../Engine/Content/EngineFonts/Faces/DroidSansFallback.uexp" 191
"../../../Engine/Content/EngineFonts/Faces/DroidSansFallback.ufont" 192
"../../../Engine/Content/EngineFonts/Roboto.uasset" 193
"../../../Engine/Content/EngineFonts/Roboto.uexp" 194
"../../../Engine/Content/EngineMaterials/BaseFlattenNormalMap.uasset" 195
"../../../Engine/Content/EngineMaterials/BaseFlattenNormalMap.uexp" 196
"../../../Engine/Content/EngineMaterials/BaseFlattenGrayscaleMap.uasset" 197
"../../../Engine/Content/EngineMaterials/BaseFlattenGrayscaleMap.uexp" 198
"../../../Engine/Content/EngineMaterials/BaseFlattenEmissiveMap.uasset" 199
"../../../Engine/Content/EngineMaterials/BaseFlattenEmissiveMap.uexp" 200
"../../../Engine/Content/EngineMaterials/BaseFlattenDiffuseMap.uasset" 201
"../../../Engine/Content/EngineMaterials/BaseFlattenDiffuseMap.uexp" 202
"../../../Engine/Content/EngineMaterials/BaseFlattenMaterial.uasset" 203
"../../../Engine/Content/EngineMaterials/BaseFlattenMaterial.uexp" 204
"../../../Engine/Content/EngineMaterials/BlueNoise.uasset" 205
"../../../Engine/Content/EngineMaterials/BlueNoise.uexp" 206
"../../../Engine/Content/EngineMaterials/DefaultBloomKernel.uasset" 207
"../../../Engine/Content/EngineMaterials/DefaultBloomKernel.uexp" 208
"../../../Engine/Content/EngineMaterials/DefaultBokeh.uasset" 209
"../../../Engine/Content/EngineMaterials/DefaultBokeh.uexp" 210
"../../../Engine/Content/EngineMaterials/DefaultDiffuse.uasset" 211
"../../../Engine/Content/EngineMaterials/DefaultDiffuse.uexp" 212
"../../../Engine/Content/EngineMaterials/DefaultDiffuse.ubulk" 213
"../../../Engine/Content/EngineMaterials/DefaultDeferredDecalMaterial.uasset" 214
"../../../Engine/Content/EngineMaterials/DefaultDeferredDecalMaterial.uexp" 215
"../../../Engine/Content/EngineMaterials/DefaultLightFunctionMaterial.uasset" 216
"../../../Engine/Content/EngineMaterials/DefaultLightFunctionMaterial.uexp" 217
"../../../Engine/Content/EngineMaterials/DefaultPhysicalMaterial.uasset" 218
"../../../Engine/Content/EngineMaterials/DefaultPhysicalMaterial.uexp" 219
"../../../Engine/Content/Functions/Engine_MaterialFunctions02/Utility/BreakOutFloat2Components.uasset" 220
"../../../Engine/Content/Functions/Engine_MaterialFunctions02/Utility/BreakOutFloat2Components.uexp" 221
"../../../Engine/Content/EngineMaterials/DefaultPostProcessMaterial.uasset" 222
"../../../Engine/Content/EngineMaterials/DefaultPostProcessMaterial.uexp" 223
"../../../Engine/Content/EngineFonts/RobotoDistanceField.uasset" 224
"../../../Engine/Content/EngineFonts/RobotoDistanceField.uexp" 225
"../../../Engine/Content/EngineMaterials/DefaultTextMaterialOpaque.uasset" 226
"../../../Engine/Content/EngineMaterials/DefaultTextMaterialOpaque.uexp" 227
"../../../Engine/Content/EngineMaterials/DefaultWhiteGrid.uasset" 228
"../../../Engine/Content/EngineMaterials/DefaultWhiteGrid.uexp" 229
"../../../Engine/Content/EngineMaterials/DefaultWhiteGrid.ubulk" 230
"../../../Engine/Content/EngineMaterials/DefaultWhiteGrid_Low.uasset" 231
"../../../Engine/Content/EngineMaterials/DefaultWhiteGrid_Low.uexp" 232
"../../../Engine/Content/EngineMaterials/EmissiveMeshMaterial.uasset" 233
"../../../Engine/Content/EngineMaterials/EmissiveMeshMaterial.uexp" 234
"../../../Engine/Content/EngineMaterials/GizmoMaterial.uasset" 235
"../../../Engine/Content/EngineMaterials/GizmoMaterial.uexp" 236
"../../../Engine/Content/EngineMaterials/Good64x64TilingNoiseHighFreq.uasset" 237
"../../../Engine/Content/EngineMaterials/Good64x64TilingNoiseHighFreq.uexp" 238
"../../../Engine/Content/EngineMaterials/MiniFont.uasset" 239
"../../../Engine/Content/EngineMaterials/MiniFont.uexp" 240
"../../../Engine/Content/EngineMaterials/InvalidLightmapSettings.uasset" 241
"../../../Engine/Content/EngineMaterials/InvalidLightmapSettings.uexp" 242
"../../../Engine/Content/EngineMaterials/InvalidLightmapSettings.ubulk" 243
"../../../Engine/Content/EngineMaterials/M_InvalidLightmapSettings.uasset" 244
"../../../Engine/Content/EngineMaterials/M_InvalidLightmapSettings.uexp" 245
"../../../Engine/Content/Functions/Engine_MaterialFunctions02/WorldPositionOffset/CameraOffset.uasset" 246
"../../../Engine/Content/Functions/Engine_MaterialFunctions02/WorldPositionOffset/CameraOffset.uexp" 247
"../../../Engine/Content/EngineMaterials/PhAT_JointLimitMaterial.uasset" 248
"../../../Engine/Content/EngineMaterials/PhAT_JointLimitMaterial.uexp" 249
"../../../Engine/Content/EngineMaterials/DefaultCalibrationColor.uasset" 250
"../../../Engine/Content/EngineMaterials/DefaultCalibrationColor.uexp" 251
"../../../Engine/Content/EngineMaterials/PPM_DefaultCalibrationColor.uasset" 252
"../../../Engine/Content/EngineMaterials/PPM_DefaultCalibrationColor.uexp" 253
"../../../Engine/Content/EngineMaterials/DefaultCalibrationGrayscale.uasset" 254
"../../../Engine/Content/EngineMaterials/DefaultCalibrationGrayscale.uexp" 255
"../../../Engine/Content/EngineMaterials/PPM_DefaultCalibrationGrayscale.uasset" 256
"../../../Engine/Content/EngineMaterials/PPM_DefaultCalibrationGrayscale.uexp" 257
"../../../Engine/Content/EngineMaterials/PreintegratedSkinBRDF.uasset" 258
"../../../Engine/Content/EngineMaterials/PreintegratedSkinBRDF.uexp" 259
"../../../Engine/Content/EngineMaterials/RemoveSurfaceMaterial.uasset" 260
"../../../Engine/Content/EngineMaterials/RemoveSurfaceMaterial.uexp" 261
"../../../Engine/Content/EngineMaterials/WeightMapPlaceholderTexture.uasset" 262
"../../../Engine/Content/EngineMaterials/WeightMapPlaceholderTexture.uexp" 263
"../../../Engine/Content/EngineResources/WhiteSquareTexture.uasset" 264
"../../../Engine/Content/EngineResources/WhiteSquareTexture.uexp" 265
"../../../Engine/Content/EngineMaterials/Widget3DPassThrough.uasset" 266
"../../../Engine/Content/EngineMaterials/Widget3DPassThrough.uexp" 267
"../../../Engine/Content/EngineMaterials/Widget3DPassThrough_Masked.uasset" 268
"../../../Engine/Content/EngineMaterials/Widget3DPassThrough_Masked.uexp" 269
"../../../Engine/Content/EngineMaterials/Widget3DPassThrough_Opaque.uasset" 270
"../../../Engine/Content/EngineMaterials/Widget3DPassThrough_Opaque.uexp" 271
"../../../Engine/Content/EngineMaterials/Widget3DPassThrough_Masked_OneSided.uasset" 272
"../../../Engine/Content/EngineMaterials/Widget3DPassThrough_Masked_OneSided.uexp" 273
"../../../Engine/Content/EngineMaterials/Widget3DPassThrough_Opaque_OneSided.uasset" 274
"../../../Engine/Content/EngineMaterials/Widget3DPassThrough_Opaque_OneSided.uexp" 275
"../../../Engine/Content/EngineMaterials/Widget3DPassThrough_Translucent.uasset" 276
"../../../Engine/Content/EngineMaterials/Widget3DPassThrough_Translucent.uexp" 277
"../../../Engine/Content/EngineMaterials/Widget3DPassThrough_Translucent_OneSided.uasset" 278
"../../../Engine/Content/EngineMaterials/Widget3DPassThrough_Translucent_OneSided.uexp" 279
"../../../Engine/Content/EngineMeshes/Cylinder.uasset" 280
"../../../Engine/Content/EngineMeshes/Cylinder.uexp" 281
"../../../Engine/Content/EngineMeshes/Sphere.uasset" 282
"../../../Engine/Content/EngineMeshes/Sphere.uexp" 283
"../../../Engine/Content/EngineResources/DefaultTexture.uasset" 284
"../../../Engine/Content/EngineResources/DefaultTexture.uexp" 285
"../../../Engine/Content/EngineResources/DefaultTexture.ubulk" 286
"../../../Engine/Content/EngineResources/DefaultTextureCube.uasset" 287
"../../../Engine/Content/EngineResources/DefaultTextureCube.uexp" 288
"../../../Engine/Content/EngineResources/DefaultVolumeTexture2D.uasset" 289
"../../../Engine/Content/EngineResources/DefaultVolumeTexture2D.uexp" 290
"../../../Engine/Content/EngineResources/DefaultVolumeTexture.uasset" 291
"../../../Engine/Content/EngineResources/DefaultVolumeTexture.uexp" 292
"../../../Engine/Content/EngineResources/GradientTexture0.uasset" 293
"../../../Engine/Content/EngineResources/GradientTexture0.uexp" 294
"../../../Engine/Content/EngineSky/VolumetricClouds/T_NoiseShape64.uasset" 295
"../../../Engine/Content/EngineSky/VolumetricClouds/T_NoiseShape64.uexp" 296
"../../../Engine/Content/EngineSky/VolumetricClouds/T_NoiseShape64.ubulk" 297
"../../../Engine/Content/EngineSky/VolumetricClouds/T_VolumeNoiseShape64.uasset" 298
"../../../Engine/Content/EngineSky/VolumetricClouds/T_VolumeNoiseShape64.uexp" 299
"../../../Engine/Content/EngineSky/VolumetricClouds/T_NoiseErosion.uasset" 300
"../../../Engine/Content/EngineSky/VolumetricClouds/T_NoiseErosion.uexp" 301
"../../../Engine/Content/EngineSky/VolumetricClouds/T_NoiseErosion.ubulk" 302
"../../../Engine/Content/EngineSky/VolumetricClouds/T_VolumeNoiseErosion32.uasset" 303
"../../../Engine/Content/EngineSky/VolumetricClouds/T_VolumeNoiseErosion32.uexp" 304
"../../../Engine/Content/EngineSky/VolumetricClouds/CloudWeatherTexture.uasset" 305
"../../../Engine/Content/EngineSky/VolumetricClouds/CloudWeatherTexture.uexp" 306
"../../../Engine/Content/EngineSky/VolumetricClouds/CloudGradientTexture.uasset" 307
"../../../Engine/Content/EngineSky/VolumetricClouds/CloudGradientTexture.uexp" 308
"../../../Engine/Content/Functions/Engine_MaterialFunctions02/Utility/MakeFloat2.uasset" 309
"../../../Engine/Content/Functions/Engine_MaterialFunctions02/Utility/MakeFloat2.uexp" 310
"../../../Engine/Content/EngineSky/VolumetricClouds/m_SimpleVolumetricCloud.uasset" 311
"../../../Engine/Content/EngineSky/VolumetricClouds/m_SimpleVolumetricCloud.uexp" 312
"../../../Engine/Content/EngineSky/VolumetricClouds/m_SimpleVolumetricCloud_Inst.uasset" 313
"../../../Engine/Content/EngineSky/VolumetricClouds/m_SimpleVolumetricCloud_Inst.uexp" 314
"../../../Engine/Content/EngineSounds/Master.uasset" 315
"../../../Engine/Content/EngineSounds/Master.uexp" 316
"../../../Engine/Content/Functions/Engine_MaterialFunctions01/Shading/PowerToRoughness.uasset" 317
"../../../Engine/Content/Functions/Engine_MaterialFunctions01/Shading/PowerToRoughness.uexp" 318
"../../../Engine/Content/Maps/Templates/Thumbnails/Default.uasset" 319
"../../../Engine/Content/Maps/Templates/Thumbnails/Default.uexp" 320
"../../../Engine/Content/Maps/Templates/Thumbnails/VR-Basic.uasset" 321
"../../../Engine/Content/Maps/Templates/Thumbnails/VR-Basic.uexp" 322
"../../../Engine/Content/MobileResources/T_MobileControls_texture.uasset" 323
"../../../Engine/Content/MobileResources/T_MobileControls_texture.uexp" 324
"../../../Engine/Content/MobileResources/T_MobileMenu2.uasset" 325
"../../../Engine/Content/MobileResources/T_MobileMenu2.uexp" 326
"../../../Engine/Content/MobileResources/HUD/AnalogHat.uasset" 327
"../../../Engine/Content/MobileResources/HUD/AnalogHat.uexp" 328
"../../../Engine/Content/MobileResources/HUD/VirtualJoystick_Thumb.uasset" 329
"../../../Engine/Content/MobileResources/HUD/VirtualJoystick_Thumb.uexp" 330
"../../../Engine/Content/MobileResources/HUD/VirtualJoystick_Background.uasset" 331
"../../../Engine/Content/MobileResources/HUD/VirtualJoystick_Background.uexp" 332
"../../../Engine/Content/MobileResources/HUD/DefaultVirtualJoysticks.uasset" 333
"../../../Engine/Content/MobileResources/HUD/DefaultVirtualJoysticks.uexp" 334
"../../../Engine/Content/MobileResources/HUD/LeftVirtualJoystickOnly.uasset" 335
"../../../Engine/Content/MobileResources/HUD/LeftVirtualJoystickOnly.uexp" 336
"../../../Engine/Content/MobileResources/HUD/MobileHUDButton1_off.uasset" 337
"../../../Engine/Content/MobileResources/HUD/MobileHUDButton1_off.uexp" 338
"../../../Engine/Content/MobileResources/HUD/MobileHUDButton1_on.uasset" 339
"../../../Engine/Content/MobileResources/HUD/MobileHUDButton1_on.uexp" 340
"../../../Engine/Content/MobileResources/HUD/MobileHUDButton2_off.uasset" 341
"../../../Engine/Content/MobileResources/HUD/MobileHUDButton2_off.uexp" 342
"../../../Engine/Content/MobileResources/HUD/MobileHUDButton2_on.uasset" 343
"../../../Engine/Content/MobileResources/HUD/MobileHUDButton2_on.uexp" 344
"../../../Engine/Content/MobileResources/HUD/MobileHUDButton3.uasset" 345
"../../../Engine/Content/MobileResources/HUD/MobileHUDButton3.uexp" 346
"../../../Engine/Content/MobileResources/HUD/MobileHUDButtonFire.uasset" 347
"../../../Engine/Content/MobileResources/HUD/MobileHUDButtonFire.uexp" 348
"../../../Engine/Content/MobileResources/HUD/MobileHUDDirectionPad.uasset" 349
"../../../Engine/Content/MobileResources/HUD/MobileHUDDirectionPad.uexp" 350
"../../../Engine/Content/MobileResources/HUD/MobileHUDDirectionPad2.uasset" 351
"../../../Engine/Content/MobileResources/HUD/MobileHUDDirectionPad2.uexp" 352
"../../../Engine/Content/MobileResources/HUD/MobileHUDDirectionPad3.uasset" 353
"../../../Engine/Content/MobileResources/HUD/MobileHUDDirectionPad3.uexp" 354
"../../../Engine/Content/MobileResources/HUD/MobileHUDDirectionStick.uasset" 355
"../../../Engine/Content/MobileResources/HUD/MobileHUDDirectionStick.uexp" 356
"../../../Engine/Content/MobileResources/HUD/T_Castle_ThumbstickInner.uasset" 357
"../../../Engine/Content/MobileResources/HUD/T_Castle_ThumbstickInner.uexp" 358
"../../../Engine/Content/MobileResources/HUD/T_Castle_ThumbstickOutter.uasset" 359
"../../../Engine/Content/MobileResources/HUD/T_Castle_ThumbstickOutter.uexp" 360
"../../../Engine/Content/Tutorial/ContentIntroCurve.uasset" 361
"../../../Engine/Content/Tutorial/ContentIntroCurve.uexp" 362
"../../../Engine/Content/Tutorial/Basics/TutorialAssets/icon_tab_Levels_40x.uasset" 363
"../../../Engine/Content/Tutorial/Basics/TutorialAssets/icon_tab_Levels_40x.uexp" 364
"../../../Engine/Content/Tutorial/BlueprintTutorials/TutorialAssets/Blueprint_64x.uasset" 365
"../../../Engine/Content/Tutorial/BlueprintTutorials/TutorialAssets/Blueprint_64x.uexp" 366
"../../../Engine/Content/Tutorial/Landscape/TutorialAssets/Landscape.uasset" 367
"../../../Engine/Content/Tutorial/Landscape/TutorialAssets/Landscape.uexp" 368
"../../../Engine/Content/EditorBlueprintResources/StandardMacros.uasset" 369
"../../../Engine/Content/EditorBlueprintResources/StandardMacros.uexp" 370
"../../../Engine/Content/Tutorial/SubEditors/TutorialAssets/TutorialMaterial.uasset" 371
"../../../Engine/Content/Tutorial/SubEditors/TutorialAssets/TutorialMaterial.uexp" 372
"../../../Engine/Content/Tutorial/SubEditors/TutorialAssets/T_soft_smoke.uasset" 373
"../../../Engine/Content/Tutorial/SubEditors/TutorialAssets/T_soft_smoke.uexp" 374
"../../../Engine/Content/Tutorial/SubEditors/TutorialAssets/T_soft_smoke.ubulk" 375
"../../../Engine/Content/Tutorial/SubEditors/TutorialAssets/T_SmokeSubUV_8X8.uasset" 376
"../../../Engine/Content/Tutorial/SubEditors/TutorialAssets/T_SmokeSubUV_8X8.uexp" 377
"../../../Engine/Content/Tutorial/SubEditors/TutorialAssets/T_SmokeSubUV_8X8.ubulk" 378
"../../../Engine/Content/Tutorial/SubEditors/TutorialAssets/M_smoke_subUV_blackbody.uasset" 379
"../../../Engine/Content/Tutorial/SubEditors/TutorialAssets/M_smoke_subUV_blackbody.uexp" 380
"../../../Engine/Content/Tutorial/SubEditors/TutorialAssets/TutorialParticleSystem.uasset" 381
"../../../Engine/Content/Tutorial/SubEditors/TutorialAssets/TutorialParticleSystem.uexp" 382
"../../../Engine/Content/VREditor/TransformGizmo/TranslucentTransformGizmoMaterial.uasset" 383
"../../../Engine/Content/VREditor/TransformGizmo/TranslucentTransformGizmoMaterial.uexp" 384
"../../../Engine/Content/VREditor/LaserPointer/VR_LaserPower_01.uasset" 385
"../../../Engine/Content/VREditor/LaserPointer/VR_LaserPower_01.uexp" 386
"../../../Engine/Content/VREditor/LaserPointer/VR_LaserPower_01.ubulk" 387
"../../../Engine/Content/VREditor/TransformGizmo/TransformGizmoMaterial.uasset" 388
"../../../Engine/Content/VREditor/TransformGizmo/TransformGizmoMaterial.uexp" 389
"../../../Engine/Content/VREditor/TransformGizmo/BoundingBoxCorner.uasset" 390
"../../../Engine/Content/VREditor/TransformGizmo/BoundingBoxCorner.uexp" 391
"../../../Engine/Content/VREditor/TransformGizmo/BoundingBoxEdge.uasset" 392
"../../../Engine/Content/VREditor/TransformGizmo/BoundingBoxEdge.uexp" 393
"../../../Engine/Content/VREditor/TransformGizmo/PlaneTranslationHandle.uasset" 394
"../../../Engine/Content/VREditor/TransformGizmo/PlaneTranslationHandle.uexp" 395
"../../../Engine/Content/VREditor/TransformGizmo/Xray.uasset" 396
"../../../Engine/Content/VREditor/TransformGizmo/Xray.uexp" 397
"../../../Engine/Content/VREditor/TransformGizmo/Main.uasset" 398
"../../../Engine/Content/VREditor/TransformGizmo/Main.uexp" 399
"../../../Engine/Content/VREditor/TransformGizmo/SM_Sequencer_Key.uasset" 400
"../../../Engine/Content/VREditor/TransformGizmo/SM_Sequencer_Key.uexp" 401
"../../../Engine/Content/VREditor/TransformGizmo/SM_Sequencer_Node.uasset" 402
"../../../Engine/Content/VREditor/TransformGizmo/SM_Sequencer_Node.uexp" 403
"../../../Engine/Plugins/2D/Paper2D/Content/PlaceholderTextures/DummySpriteTexture.uasset" 404
"../../../Engine/Plugins/2D/Paper2D/Content/PlaceholderTextures/DummySpriteTexture.uexp" 405
"../../../Engine/Plugins/2D/Paper2D/Content/PlaceholderTextures/DummySpriteTexture.ubulk" 406
"../../../Engine/Plugins/2D/Paper2D/Content/DummySprite.uasset" 407
"../../../Engine/Plugins/2D/Paper2D/Content/DummySprite.uexp" 408
"../../../Engine/Plugins/2D/Paper2D/Content/DefaultPaperTerrainMaterial.uasset" 409
"../../../Engine/Plugins/2D/Paper2D/Content/DefaultPaperTerrainMaterial.uexp" 410
"../../../Engine/Plugins/2D/Paper2D/Content/DefaultSpriteMaterial.uasset" 411
"../../../Engine/Plugins/2D/Paper2D/Content/DefaultSpriteMaterial.uexp" 412
"../../../Engine/Plugins/2D/Paper2D/Content/MaskedUnlitSpriteMaterial.uasset" 413
"../../../Engine/Plugins/2D/Paper2D/Content/MaskedUnlitSpriteMaterial.uexp" 414
"../../../Engine/Plugins/2D/Paper2D/Content/OpaqueUnlitSpriteMaterial.uasset" 415
"../../../Engine/Plugins/2D/Paper2D/Content/OpaqueUnlitSpriteMaterial.uexp" 416
"../../../Engine/Content/Functions/Engine_MaterialFunctions02/Utility/BreakOutFloat3Components.uasset" 417
"../../../Engine/Content/Functions/Engine_MaterialFunctions02/Utility/BreakOutFloat3Components.uexp" 418
"../../../Engine/Plugins/Editor/SpeedTreeImporter/Content/SpeedTree9/UnpackInteger3.uasset" 419
"../../../Engine/Plugins/Editor/SpeedTreeImporter/Content/SpeedTree9/UnpackInteger3.uexp" 420
"../../../Engine/Plugins/Editor/SpeedTreeImporter/Content/SpeedTree9/UnpackDirection.uasset" 421
"../../../Engine/Plugins/Editor/SpeedTreeImporter/Content/SpeedTree9/UnpackDirection.uexp" 422
"../../../Engine/Plugins/Editor/SpeedTreeImporter/Content/SpeedTree9/game_wind_noise.uasset" 423
"../../../Engine/Plugins/Editor/SpeedTreeImporter/Content/SpeedTree9/game_wind_noise.uexp" 424
"../../../Engine/Plugins/Editor/SpeedTreeImporter/Content/SpeedTree9/game_wind_noise.ubulk" 425
"../../../Engine/Content/Functions/Engine_MaterialFunctions02/SafeNormalize.uasset" 426
"../../../Engine/Content/Functions/Engine_MaterialFunctions02/SafeNormalize.uexp" 427
"../../../Engine/Plugins/Editor/SpeedTreeImporter/Content/SpeedTree9/SpeedTreeWindMotion.uasset" 428
"../../../Engine/Plugins/Editor/SpeedTreeImporter/Content/SpeedTree9/SpeedTreeWindMotion.uexp" 429
"../../../Engine/Plugins/Editor/SpeedTreeImporter/Content/SpeedTree9/SpeedTreeBranchMotion.uasset" 430
"../../../Engine/Plugins/Editor/SpeedTreeImporter/Content/SpeedTree9/SpeedTreeBranchMotion.uexp" 431
"../../../Engine/Content/Functions/Engine_MaterialFunctions02/ObjectLocalBounds.uasset" 432
"../../../Engine/Content/Functions/Engine_MaterialFunctions02/ObjectLocalBounds.uexp" 433
"../../../Engine/Content/Functions/Engine_MaterialFunctions02/UVs/BoundingBoxBased_0-1_UVW.uasset" 434
"../../../Engine/Content/Functions/Engine_MaterialFunctions02/UVs/BoundingBoxBased_0-1_UVW.uexp" 435
"../../../Engine/Content/Functions/Engine_MaterialFunctions02/Utility/VectorLength.uasset" 436
"../../../Engine/Content/Functions/Engine_MaterialFunctions02/Utility/VectorLength.uexp" 437
"../../../Engine/Content/Functions/Engine_MaterialFunctions02/WorldPositionOffset/ObjectScale.uasset" 438
"../../../Engine/Content/Functions/Engine_MaterialFunctions02/WorldPositionOffset/ObjectScale.uexp" 439
"../../../Engine/Plugins/Editor/SpeedTreeImporter/Content/SpeedTree9/SpeedTreeWind.uasset" 440
"../../../Engine/Plugins/Editor/SpeedTreeImporter/Content/SpeedTree9/SpeedTreeWind.uexp" 441
"../../../Engine/Plugins/Editor/SpeedTreeImporter/Content/SpeedTree9/SpeedTreeBillboard.uasset" 442
"../../../Engine/Plugins/Editor/SpeedTreeImporter/Content/SpeedTree9/SpeedTreeBillboard.uexp" 443
"../../../Engine/Plugins/Editor/SpeedTreeImporter/Content/SpeedTree9/EmptyNormal.uasset" 444
"../../../Engine/Plugins/Editor/SpeedTreeImporter/Content/SpeedTree9/EmptyNormal.uexp" 445
"../../../Engine/Plugins/Editor/SpeedTreeImporter/Content/SpeedTree9/Empty.uasset" 446
"../../../Engine/Plugins/Editor/SpeedTreeImporter/Content/SpeedTree9/Empty.uexp" 447
"../../../Engine/Plugins/Editor/SpeedTreeImporter/Content/SpeedTree9/SpeedTreeBillboardMaster.uasset" 448
"../../../Engine/Plugins/Editor/SpeedTreeImporter/Content/SpeedTree9/SpeedTreeBillboardMaster.uexp" 449
"../../../Engine/Plugins/Editor/SpeedTreeImporter/Content/SpeedTree9/SpeedTreeCameraFacing.uasset" 450
"../../../Engine/Plugins/Editor/SpeedTreeImporter/Content/SpeedTree9/SpeedTreeCameraFacing.uexp" 451
"../../../Engine/Plugins/Editor/SpeedTreeImporter/Content/SpeedTree9/SpeedTreeMaster.uasset" 452
"../../../Engine/Plugins/Editor/SpeedTreeImporter/Content/SpeedTree9/SpeedTreeMaster.uexp" 453
"../../../Engine/Content/BasicShapes/Cylinder.uasset" 454
"../../../Engine/Content/BasicShapes/Cylinder.uexp" 455
"../../../Engine/Content/ArtTools/RenderToTexture/Materials/Debug/M_Emissive_Color.uasset" 456
"../../../Engine/Content/ArtTools/RenderToTexture/Materials/Debug/M_Emissive_Color.uexp" 457
"../../../Engine/Plugins/Lumin/MagicLeapPassableWorld/Content/MagicLeapARPinInfoActor.uasset" 458
"../../../Engine/Plugins/Lumin/MagicLeapPassableWorld/Content/MagicLeapARPinInfoActor.uexp" 459
"../../../Engine/Content/EngineResources/Black.uasset" 460
"../../../Engine/Content/EngineResources/Black.uexp" 461
"../../../Engine/Plugins/Runtime/OpenXR/Content/Devices/GoogleDaydream/MRTexture.uasset" 462
"../../../Engine/Plugins/Runtime/OpenXR/Content/Devices/GoogleDaydream/MRTexture.uexp" 463
"../../../Engine/Plugins/Runtime/OpenXR/Content/Devices/GoogleDaydream/MRTexture.ubulk" 464
"../../../Engine/Plugins/Runtime/OpenXR/Content/Devices/GoogleDaydream/BaseTexture.uasset" 465
"../../../Engine/Plugins/Runtime/OpenXR/Content/Devices/GoogleDaydream/BaseTexture.uexp" 466
"../../../Engine/Plugins/Runtime/OpenXR/Content/Devices/GoogleDaydream/BaseTexture.ubulk" 467
"../../../Engine/Plugins/Runtime/OpenXR/Content/Devices/M_XRController.uasset" 468
"../../../Engine/Plugins/Runtime/OpenXR/Content/Devices/M_XRController.uexp" 469
"../../../Engine/Plugins/Runtime/OpenXR/Content/Devices/GoogleDaydream/MI_GoogleDaydream.uasset" 470
"../../../Engine/Plugins/Runtime/OpenXR/Content/Devices/GoogleDaydream/MI_GoogleDaydream.uexp" 471
"../../../Engine/Plugins/Runtime/OpenXR/Content/Devices/GoogleDaydream/GoogleDaydreamController.uasset" 472
"../../../Engine/Plugins/Runtime/OpenXR/Content/Devices/GoogleDaydream/GoogleDaydreamController.uexp" 473
"../../../Engine/Plugins/Runtime/OpenXR/Content/Devices/HTCVive/BaseTexture.uasset" 474
"../../../Engine/Plugins/Runtime/OpenXR/Content/Devices/HTCVive/BaseTexture.uexp" 475
"../../../Engine/Plugins/Runtime/OpenXR/Content/Devices/HTCVive/BaseTexture.ubulk" 476
"../../../Engine/Plugins/Runtime/OpenXR/Content/Devices/HTCVive/MI_HTCVive.uasset" 477
"../../../Engine/Plugins/Runtime/OpenXR/Content/Devices/HTCVive/MI_HTCVive.uexp" 478
"../../../Engine/Plugins/Runtime/OpenXR/Content/Devices/HTCVive/HTCViveController.uasset" 479
"../../../Engine/Plugins/Runtime/OpenXR/Content/Devices/HTCVive/HTCViveController.uexp" 480
"../../../Engine/Plugins/Runtime/OpenXR/Content/Devices/MicrosoftMixedReality/NormalTexture.uasset" 481
"../../../Engine/Plugins/Runtime/OpenXR/Content/Devices/MicrosoftMixedReality/NormalTexture.uexp" 482
"../../../Engine/Plugins/Runtime/OpenXR/Content/Devices/MicrosoftMixedReality/NormalTexture.ubulk" 483
"../../../Engine/Plugins/Runtime/OpenXR/Content/Devices/MicrosoftMixedReality/MRTexture.uasset" 484
"../../../Engine/Plugins/Runtime/OpenXR/Content/Devices/MicrosoftMixedReality/MRTexture.uexp" 485
"../../../Engine/Plugins/Runtime/OpenXR/Content/Devices/MicrosoftMixedReality/MRTexture.ubulk" 486
"../../../Engine/Plugins/Runtime/OpenXR/Content/Devices/MicrosoftMixedReality/EmissiveTexture.uasset" 487
"../../../Engine/Plugins/Runtime/OpenXR/Content/Devices/MicrosoftMixedReality/EmissiveTexture.uexp" 488
"../../../Engine/Plugins/Runtime/OpenXR/Content/Devices/MicrosoftMixedReality/EmissiveTexture.ubulk" 489
"../../../Engine/Plugins/Runtime/OpenXR/Content/Devices/MicrosoftMixedReality/BaseTexture.uasset" 490
"../../../Engine/Plugins/Runtime/OpenXR/Content/Devices/MicrosoftMixedReality/BaseTexture.uexp" 491
"../../../Engine/Plugins/Runtime/OpenXR/Content/Devices/MicrosoftMixedReality/BaseTexture.ubulk" 492
"../../../Engine/Plugins/Runtime/OpenXR/Content/Devices/MicrosoftMixedReality/MI_MicrosoftMixedReality.uasset" 493
"../../../Engine/Plugins/Runtime/OpenXR/Content/Devices/MicrosoftMixedReality/MI_MicrosoftMixedReality.uexp" 494
"../../../Engine/Plugins/Runtime/OpenXR/Content/Devices/MicrosoftMixedReality/Left/left_MicrosoftMixedRealityController.uasset" 495
"../../../Engine/Plugins/Runtime/OpenXR/Content/Devices/MicrosoftMixedReality/Left/left_MicrosoftMixedRealityController.uexp" 496
"../../../Engine/Plugins/Runtime/OpenXR/Content/Devices/MicrosoftMixedReality/Right/right_MicrosoftMixedRealityController.uasset" 497
"../../../Engine/Plugins/Runtime/OpenXR/Content/Devices/MicrosoftMixedReality/Right/right_MicrosoftMixedRealityController.uexp" 498
"../../../Engine/Plugins/Runtime/OpenXR/Content/Devices/OculusGo/BaseTexture.uasset" 499
"../../../Engine/Plugins/Runtime/OpenXR/Content/Devices/OculusGo/BaseTexture.uexp" 500
"../../../Engine/Plugins/Runtime/OpenXR/Content/Devices/OculusGo/BaseTexture.ubulk" 501
"../../../Engine/Plugins/Runtime/OpenXR/Content/Devices/OculusGo/MI_OculusGo.uasset" 502
"../../../Engine/Plugins/Runtime/OpenXR/Content/Devices/OculusGo/MI_OculusGo.uexp" 503
"../../../Engine/Plugins/Runtime/OpenXR/Content/Devices/OculusGo/OculusGoController.uasset" 504
"../../../Engine/Plugins/Runtime/OpenXR/Content/Devices/OculusGo/OculusGoController.uexp" 505
"../../../Engine/Plugins/Runtime/OpenXR/Content/Devices/OculusTouch/MRTexture.uasset" 506
"../../../Engine/Plugins/Runtime/OpenXR/Content/Devices/OculusTouch/MRTexture.uexp" 507
"../../../Engine/Plugins/Runtime/OpenXR/Content/Devices/OculusTouch/MRTexture.ubulk" 508
"../../../Engine/Plugins/Runtime/OpenXR/Content/Devices/OculusTouch/BaseTexture.uasset" 509
"../../../Engine/Plugins/Runtime/OpenXR/Content/Devices/OculusTouch/BaseTexture.uexp" 510
"../../../Engine/Plugins/Runtime/OpenXR/Content/Devices/OculusTouch/BaseTexture.ubulk" 511
"../../../Engine/Plugins/Runtime/OpenXR/Content/Devices/OculusTouch/MI_OculusTouch.uasset" 512
"../../../Engine/Plugins/Runtime/OpenXR/Content/Devices/OculusTouch/MI_OculusTouch.uexp" 513
"../../../Engine/Plugins/Runtime/OpenXR/Content/Devices/OculusTouch/Left/left_OculusTouchController.uasset" 514
"../../../Engine/Plugins/Runtime/OpenXR/Content/Devices/OculusTouch/Left/left_OculusTouchController.uexp" 515
"../../../Engine/Plugins/Runtime/OpenXR/Content/Devices/OculusTouch/Right/right_OculusTouchController.uasset" 516
"../../../Engine/Plugins/Runtime/OpenXR/Content/Devices/OculusTouch/Right/right_OculusTouchController.uexp" 517
"../../../Engine/Plugins/Runtime/OpenXR/Content/Devices/OculusTouch_v2/MRTexture.uasset" 518
"../../../Engine/Plugins/Runtime/OpenXR/Content/Devices/OculusTouch_v2/MRTexture.uexp" 519
"../../../Engine/Plugins/Runtime/OpenXR/Content/Devices/OculusTouch_v2/MRTexture.ubulk" 520
"../../../Engine/Plugins/Runtime/OpenXR/Content/Devices/OculusTouch_v2/BaseTexture.uasset" 521
"../../../Engine/Plugins/Runtime/OpenXR/Content/Devices/OculusTouch_v2/BaseTexture.uexp" 522
"../../../Engine/Plugins/Runtime/OpenXR/Content/Devices/OculusTouch_v2/BaseTexture.ubulk" 523
"../../../Engine/Plugins/Runtime/OpenXR/Content/Devices/OculusTouch_v2/MI_OculusTouch_v2.uasset" 524
"../../../Engine/Plugins/Runtime/OpenXR/Content/Devices/OculusTouch_v2/MI_OculusTouch_v2.uexp" 525
"../../../Engine/Plugins/Runtime/OpenXR/Content/Devices/OculusTouch_v2/Left/left_OculusTouch_v2Controller.uasset" 526
"../../../Engine/Plugins/Runtime/OpenXR/Content/Devices/OculusTouch_v2/Left/left_OculusTouch_v2Controller.uexp" 527
"../../../Engine/Plugins/Runtime/OpenXR/Content/Devices/OculusTouch_v2/Right/right_OculusTouch_v2Controller.uasset" 528
"../../../Engine/Plugins/Runtime/OpenXR/Content/Devices/OculusTouch_v2/Right/right_OculusTouch_v2Controller.uexp" 529
"../../../Engine/Plugins/Runtime/OpenXR/Content/Devices/OculusTouch_v3/MRTexture.uasset" 530
"../../../Engine/Plugins/Runtime/OpenXR/Content/Devices/OculusTouch_v3/MRTexture.uexp" 531
"../../../Engine/Plugins/Runtime/OpenXR/Content/Devices/OculusTouch_v3/MRTexture.ubulk" 532
"../../../Engine/Plugins/Runtime/OpenXR/Content/Devices/OculusTouch_v3/BaseTexture.uasset" 533
"../../../Engine/Plugins/Runtime/OpenXR/Content/Devices/OculusTouch_v3/BaseTexture.uexp" 534
"../../../Engine/Plugins/Runtime/OpenXR/Content/Devices/OculusTouch_v3/BaseTexture.ubulk" 535
"../../../Engine/Plugins/Runtime/OpenXR/Content/Devices/OculusTouch_v3/MI_OculusTouch_v3.uasset" 536
"../../../Engine/Plugins/Runtime/OpenXR/Content/Devices/OculusTouch_v3/MI_OculusTouch_v3.uexp" 537
"../../../Engine/Plugins/Runtime/OpenXR/Content/Devices/OculusTouch_v3/Left/left_OculusTouch_v3Controller.uasset" 538
"../../../Engine/Plugins/Runtime/OpenXR/Content/Devices/OculusTouch_v3/Left/left_OculusTouch_v3Controller.uexp" 539
"../../../Engine/Plugins/Runtime/OpenXR/Content/Devices/OculusTouch_v3/Right/right_OculusTouch_v3Controller.uasset" 540
"../../../Engine/Plugins/Runtime/OpenXR/Content/Devices/OculusTouch_v3/Right/right_OculusTouch_v3Controller.uexp" 541
"../../../Engine/Plugins/Runtime/OpenXR/Content/Devices/ValveIndex/MRTexture.uasset" 542
"../../../Engine/Plugins/Runtime/OpenXR/Content/Devices/ValveIndex/MRTexture.uexp" 543
"../../../Engine/Plugins/Runtime/OpenXR/Content/Devices/ValveIndex/MRTexture.ubulk" 544
"../../../Engine/Plugins/Runtime/OpenXR/Content/Devices/ValveIndex/BaseTexture.uasset" 545
"../../../Engine/Plugins/Runtime/OpenXR/Content/Devices/ValveIndex/BaseTexture.uexp" 546
"../../../Engine/Plugins/Runtime/OpenXR/Content/Devices/ValveIndex/BaseTexture.ubulk" 547
"../../../Engine/Plugins/Runtime/OpenXR/Content/Devices/ValveIndex/Left/MI_left_ValveIndex.uasset" 548
"../../../Engine/Plugins/Runtime/OpenXR/Content/Devices/ValveIndex/Left/MI_left_ValveIndex.uexp" 549
"../../../Engine/Plugins/Runtime/OpenXR/Content/Devices/ValveIndex/Left/left_ValveIndexController.uasset" 550
"../../../Engine/Plugins/Runtime/OpenXR/Content/Devices/ValveIndex/Left/left_ValveIndexController.uexp" 551
"../../../Engine/Plugins/Runtime/OpenXR/Content/Devices/ValveIndex/Right/MI_right_ValveIndex.uasset" 552
"../../../Engine/Plugins/Runtime/OpenXR/Content/Devices/ValveIndex/Right/MI_right_ValveIndex.uexp" 553
"../../../Engine/Plugins/Runtime/OpenXR/Content/Devices/ValveIndex/Right/right_ValveIndexController.uasset" 554
"../../../Engine/Plugins/Runtime/OpenXR/Content/Devices/ValveIndex/Right/right_ValveIndexController.uexp" 555
"../../../Engine/Content/Functions/Engine_MaterialFunctions02/Utility/BreakOutFloat4Components.uasset" 556
"../../../Engine/Content/Functions/Engine_MaterialFunctions02/Utility/BreakOutFloat4Components.uexp" 557
"../../../Engine/Content/Functions/Engine_MaterialFunctions02/Utility/MakeFloat3.uasset" 558
"../../../Engine/Content/Functions/Engine_MaterialFunctions02/Utility/MakeFloat3.uexp" 559
"../../../Engine/Plugins/Runtime/Oculus/OculusVR/Content/Materials/OculusMR_ChromaKey.uasset" 560
"../../../Engine/Plugins/Runtime/Oculus/OculusVR/Content/Materials/OculusMR_ChromaKey.uexp" 561
"../../../Engine/Plugins/Runtime/Oculus/OculusVR/Content/Materials/OculusMR_OpaqueColoredMaterial.uasset" 562
"../../../Engine/Plugins/Runtime/Oculus/OculusVR/Content/Materials/OculusMR_OpaqueColoredMaterial.uexp" 563
"../../../Engine/Plugins/Runtime/Oculus/OculusVR/Content/Materials/PokeAHoleMaterial.uasset" 564
"../../../Engine/Plugins/Runtime/Oculus/OculusVR/Content/Materials/PokeAHoleMaterial.uexp" 565
"../../../Engine/Plugins/Runtime/Oculus/OculusVR/Content/Textures/touchController_controlmap.uasset" 566
"../../../Engine/Plugins/Runtime/Oculus/OculusVR/Content/Textures/touchController_controlmap.uexp" 567
"../../../Engine/Plugins/Runtime/Oculus/OculusVR/Content/Textures/touchController_controlmap.ubulk" 568
"../../../Engine/Plugins/Runtime/Oculus/OculusVR/Content/Textures/touchController_albedo.uasset" 569
"../../../Engine/Plugins/Runtime/Oculus/OculusVR/Content/Textures/touchController_albedo.uexp" 570
"../../../Engine/Plugins/Runtime/Oculus/OculusVR/Content/Textures/touchController_albedo.ubulk" 571
"../../../Engine/Plugins/Runtime/Oculus/OculusVR/Content/Materials/touchController_mat.uasset" 572
"../../../Engine/Plugins/Runtime/Oculus/OculusVR/Content/Materials/touchController_mat.uexp" 573
"../../../Engine/Plugins/Runtime/Oculus/OculusVR/Content/Meshes/LeftTouchController.uasset" 574
"../../../Engine/Plugins/Runtime/Oculus/OculusVR/Content/Meshes/LeftTouchController.uexp" 575
"../../../Engine/Plugins/Runtime/Oculus/OculusVR/Content/Textures/TouchForQuestRiftSController_albedo.uasset" 576
"../../../Engine/Plugins/Runtime/Oculus/OculusVR/Content/Textures/TouchForQuestRiftSController_albedo.uexp" 577
"../../../Engine/Plugins/Runtime/Oculus/OculusVR/Content/Textures/TouchForQuestRiftSController_albedo.ubulk" 578
"../../../Engine/Plugins/Runtime/Oculus/OculusVR/Content/Materials/TouchForQuestRiftSControllerMaterial.uasset" 579
"../../../Engine/Plugins/Runtime/Oculus/OculusVR/Content/Materials/TouchForQuestRiftSControllerMaterial.uexp" 580
"../../../Engine/Plugins/Runtime/Oculus/OculusVR/Content/Meshes/LeftTouchForQuestRiftSController.uasset" 581
"../../../Engine/Plugins/Runtime/Oculus/OculusVR/Content/Meshes/LeftTouchForQuestRiftSController.uexp" 582
"../../../Engine/Plugins/Runtime/Oculus/OculusVR/Content/Meshes/RiftHMD.uasset" 583
"../../../Engine/Plugins/Runtime/Oculus/OculusVR/Content/Meshes/RiftHMD.uexp" 584
"../../../Engine/Plugins/Runtime/Oculus/OculusVR/Content/Meshes/RightTouchController.uasset" 585
"../../../Engine/Plugins/Runtime/Oculus/OculusVR/Content/Meshes/RightTouchController.uexp" 586
"../../../Engine/Plugins/Runtime/Oculus/OculusVR/Content/Meshes/RightTouchForQuestRiftSController.uasset" 587
"../../../Engine/Plugins/Runtime/Oculus/OculusVR/Content/Meshes/RightTouchForQuestRiftSController.uexp" 588
"../../../Engine/Content/MapTemplates/SM_Template_Map_Floor.uasset" 589
"../../../Engine/Content/MapTemplates/SM_Template_Map_Floor.uexp" 590
"../../../Engine/Content/EngineSky/T_Sky_Stars.uasset" 591
"../../../Engine/Content/EngineSky/T_Sky_Stars.uexp" 592
"../../../Engine/Content/EngineSky/T_Sky_Stars.ubulk" 593
"../../../Engine/Content/EngineSky/T_Sky_Clouds_M.uasset" 594
"../../../Engine/Content/EngineSky/T_Sky_Clouds_M.uexp" 595
"../../../Engine/Content/EngineSky/T_Sky_Clouds_M.ubulk" 596
"../../../Engine/Content/EngineSky/T_Sky_Blue.uasset" 597
"../../../Engine/Content/EngineSky/T_Sky_Blue.uexp" 598
"../../../Engine/Content/EngineSky/T_Sky_Blue.ubulk" 599
"../../../Engine/Content/BasicShapes/Cube.uasset" 600
"../../../Engine/Content/BasicShapes/Cube.uexp" 601
"C:/Users/seana/Game Repos/UnrealEngine/Toon-Tanks/ToonTanks/Content/Assets/Textures/T_BasicGrid_M.uasset" 602
"C:/Users/seana/Game Repos/UnrealEngine/Toon-Tanks/ToonTanks/Content/Assets/Textures/T_BasicGrid_M.uexp" 603
"C:/Users/seana/Game Repos/UnrealEngine/Toon-Tanks/ToonTanks/Content/Assets/Textures/T_BasicGrid_M.ubulk" 604
"C:/Users/seana/Game Repos/UnrealEngine/Toon-Tanks/ToonTanks/Content/Assets/Textures/T_BasicGrid_N.uasset" 605
"C:/Users/seana/Game Repos/UnrealEngine/Toon-Tanks/ToonTanks/Content/Assets/Textures/T_BasicGrid_N.uexp" 606
"C:/Users/seana/Game Repos/UnrealEngine/Toon-Tanks/ToonTanks/Content/Assets/Textures/T_BasicGrid_N.ubulk" 607
"C:/Users/seana/Game Repos/UnrealEngine/Toon-Tanks/ToonTanks/Content/Assets/Materials/Functions/UV/UV_SetupGrid.uasset" 608
"C:/Users/seana/Game Repos/UnrealEngine/Toon-Tanks/ToonTanks/Content/Assets/Materials/Functions/UV/UV_SetupGrid.uexp" 609
"../../../Engine/Content/Functions/Engine_MaterialFunctions02/Utility/Sign.uasset" 610
"../../../Engine/Content/Functions/Engine_MaterialFunctions02/Utility/Sign.uexp" 611
"../../../Engine/Content/Functions/Engine_MaterialFunctions02/Utility/Round.uasset" 612
"../../../Engine/Content/Functions/Engine_MaterialFunctions02/Utility/Round.uexp" 613
"C:/Users/seana/Game Repos/UnrealEngine/Toon-Tanks/ToonTanks/Content/Assets/Materials/Functions/UV/UV_ObjectScalable.uasset" 614
"C:/Users/seana/Game Repos/UnrealEngine/Toon-Tanks/ToonTanks/Content/Assets/Materials/Functions/UV/UV_ObjectScalable.uexp" 615
"C:/Users/seana/Game Repos/UnrealEngine/Toon-Tanks/ToonTanks/Content/Assets/Materials/Functions/Texture/Tex_SimpleGrid.uasset" 616
"C:/Users/seana/Game Repos/UnrealEngine/Toon-Tanks/ToonTanks/Content/Assets/Materials/Functions/Texture/Tex_SimpleGrid.uexp" 617
"C:/Users/seana/Game Repos/UnrealEngine/Toon-Tanks/ToonTanks/Content/Assets/Materials/Functions/Basic/BreakSet.uasset" 618
"C:/Users/seana/Game Repos/UnrealEngine/Toon-Tanks/ToonTanks/Content/Assets/Materials/Functions/Basic/BreakSet.uexp" 619
"C:/Users/seana/Game Repos/UnrealEngine/Toon-Tanks/ToonTanks/Content/Assets/Materials/Functions/Texture/Dye_SingleColor.uasset" 620
"C:/Users/seana/Game Repos/UnrealEngine/Toon-Tanks/ToonTanks/Content/Assets/Materials/Functions/Texture/Dye_SingleColor.uexp" 621
"C:/Users/seana/Game Repos/UnrealEngine/Toon-Tanks/ToonTanks/Content/Assets/Materials/Functions/Basic/MakeSet.uasset" 622
"C:/Users/seana/Game Repos/UnrealEngine/Toon-Tanks/ToonTanks/Content/Assets/Materials/Functions/Basic/MakeSet.uexp" 623
"C:/Users/seana/Game Repos/UnrealEngine/Toon-Tanks/ToonTanks/Content/Assets/Materials/Base/M_GridBase.uasset" 624
"C:/Users/seana/Game Repos/UnrealEngine/Toon-Tanks/ToonTanks/Content/Assets/Materials/Base/M_GridBase.uexp" 625
"C:/Users/seana/Game Repos/UnrealEngine/Toon-Tanks/ToonTanks/Content/Assets/Materials/Base/M_Grid_Inst.uasset" 626
"C:/Users/seana/Game Repos/UnrealEngine/Toon-Tanks/ToonTanks/Content/Assets/Materials/Base/M_Grid_Inst.uexp" 627
"../../../Engine/Content/EngineSky/M_Sky_Panning_Clouds2.uasset" 628
"../../../Engine/Content/EngineSky/M_Sky_Panning_Clouds2.uexp" 629
"C:/Users/seana/Game Repos/UnrealEngine/Toon-Tanks/ToonTanks/Content/Maps/Main_BuiltData.uasset" 630
"C:/Users/seana/Game Repos/UnrealEngine/Toon-Tanks/ToonTanks/Content/Maps/Main_BuiltData.uexp" 631
"C:/Users/seana/Game Repos/UnrealEngine/Toon-Tanks/ToonTanks/Content/Maps/Main_BuiltData.ubulk" 632
"C:/Users/seana/Game Repos/UnrealEngine/Toon-Tanks/ToonTanks/Content/Assets/Meshes/SM_TowerTurret.uasset" 633
"C:/Users/seana/Game Repos/UnrealEngine/Toon-Tanks/ToonTanks/Content/Assets/Meshes/SM_TowerTurret.uexp" 634
"C:/Users/seana/Game Repos/UnrealEngine/Toon-Tanks/ToonTanks/Content/Assets/Meshes/SM_TowerBase.uasset" 635
"C:/Users/seana/Game Repos/UnrealEngine/Toon-Tanks/ToonTanks/Content/Assets/Meshes/SM_TowerBase.uexp" 636
"C:/Users/seana/Game Repos/UnrealEngine/Toon-Tanks/ToonTanks/Content/Blueprints/Pawns/BP_PawnTurret.uasset" 637
"C:/Users/seana/Game Repos/UnrealEngine/Toon-Tanks/ToonTanks/Content/Blueprints/Pawns/BP_PawnTurret.uexp" 638
"../../../Engine/Content/EngineSky/SM_SkySphere.uasset" 639
"../../../Engine/Content/EngineSky/SM_SkySphere.uexp" 640
"../../../Engine/Content/EngineSky/C_Sky_Zenith_Color.uasset" 641
"../../../Engine/Content/EngineSky/C_Sky_Zenith_Color.uexp" 642
"../../../Engine/Content/EngineSky/C_Sky_Horizon_Color.uasset" 643
"../../../Engine/Content/EngineSky/C_Sky_Horizon_Color.uexp" 644
"../../../Engine/Content/EngineSky/C_Sky_Cloud_Color.uasset" 645
"../../../Engine/Content/EngineSky/C_Sky_Cloud_Color.uexp" 646
"../../../Engine/Content/EngineSky/BP_Sky_Sphere.uasset" 647
"../../../Engine/Content/EngineSky/BP_Sky_Sphere.uexp" 648
"C:/Users/seana/Game Repos/UnrealEngine/Toon-Tanks/ToonTanks/Content/Maps/Main.uexp" 649
"C:/Users/seana/Game Repos/UnrealEngine/Toon-Tanks/ToonTanks/Content/Maps/Main.umap" 650
"../../../Engine/Content/Maps/Entry_BuiltData.uasset" 651
"../../../Engine/Content/Maps/Entry_BuiltData.uexp" 652
"../../../Engine/Content/Maps/Entry.uexp" 653
"../../../Engine/Content/Maps/Entry.umap" 654
